$ tsup
CLI Building entry: src/index.ts
CLI Using tsconfig: ../../tsconfig.json
CLI tsup v6.6.3
CLI Using tsup config: /Users/jp/projects/dotsec/packages/plugin-aws/tsup.config.ts
CLI Target: es2020
CLI Cleaning output folder
CJS Build start
ESM Build start
CJS You have emitDecoratorMetadata enabled but @swc/core was not installed, skipping swc plugin
ESM You have emitDecoratorMetadata enabled but @swc/core was not installed, skipping swc plugin
CJS dist/index.js     12.58 KB
CJS dist/index.js.map 50.91 KB
CJS ⚡️ Build success in 17ms
ESM dist/index.mjs     11.78 KB
ESM dist/index.mjs.map 51.25 KB
ESM ⚡️ Build success in 18ms
DTS Build start
DTS ⚡️ Build success in 916ms
DTS dist/index.d.ts 2.61 KB
